2019-11-19 17:53:29,383 [main] INFO nopComemrce - ******** Launching browser*********
2019-11-19 17:53:29,454 [main] INFO nopComemrce - ******** Opening URL*********
2019-11-19 17:53:38,044 [main] INFO nopComemrce - ******** Providing login details*********
2019-11-19 17:53:38,709 [main] INFO nopComemrce - ******** started login*********
2019-11-19 17:53:59,840 [main] INFO nopComemrce - ********Adding new customer*********
2019-11-19 17:53:59,840 [main] INFO nopComemrce - ********Proving customer details*********
2019-11-19 17:54:08,022 [main] INFO nopComemrce - ********Saving customer data*********
2019-11-19 17:54:12,543 [main] INFO nopComemrce - ********closing browser********
2019-11-19 17:54:19,509 [main] INFO nopComemrce - ******** Launching browser*********
2019-11-19 17:54:19,514 [main] INFO nopComemrce - ******** Opening URL*********
2019-11-19 17:54:27,098 [main] INFO nopComemrce - ******** Providing login details*********
2019-11-19 17:54:27,494 [main] INFO nopComemrce - ******** started login*********
2019-11-19 17:54:43,397 [main] INFO nopComemrce - ********Searching customer by email id*********
2019-11-19 17:54:47,339 [main] INFO nopComemrce - ********closing browser********
2019-11-19 17:54:54,418 [main] INFO nopComemrce - ******** Launching browser*********
2019-11-19 17:54:54,422 [main] INFO nopComemrce - ******** Opening URL*********
2019-11-19 17:55:01,334 [main] INFO nopComemrce - ******** Providing login details*********
2019-11-19 17:55:01,718 [main] INFO nopComemrce - ******** started login*********
2019-11-19 17:55:17,568 [main] INFO nopComemrce - ********Searching customer by Name*********
2019-11-19 17:55:21,575 [main] INFO nopComemrce - ********closing browser********
2019-11-19 17:55:28,315 [main] INFO nopComemrce - ******** Launching browser*********
2019-11-19 17:55:28,317 [main] INFO nopComemrce - ******** Opening URL*********
2019-11-19 17:55:35,030 [main] INFO nopComemrce - ******** Providing login details*********
2019-11-19 17:55:35,486 [main] INFO nopComemrce - ******** started login*********
2019-11-19 17:55:44,140 [main] INFO nopComemrce - ******** Login Passed*********
2019-11-19 17:55:47,153 [main] INFO nopComemrce - ******** Click on logout link*********
2019-11-19 17:55:51,731 [main] INFO nopComemrce - ******** Login Passed*********
2019-11-19 17:55:54,771 [main] INFO nopComemrce - ********closing browser********
2019-11-19 17:56:01,238 [main] INFO nopComemrce - ******** Launching browser*********
2019-11-19 17:56:01,238 [main] INFO nopComemrce - ******** Opening URL*********
2019-11-19 17:56:06,791 [main] INFO nopComemrce - ******** Providing login details*********
2019-11-19 17:56:07,164 [main] INFO nopComemrce - ******** started login*********
2019-11-19 17:56:14,398 [main] INFO nopComemrce - ******** Login Passed*********
2019-11-19 17:56:17,412 [main] INFO nopComemrce - ******** Click on logout link*********
2019-11-19 17:56:22,010 [main] INFO nopComemrce - ******** Login Passed*********
2019-11-19 17:56:25,040 [main] INFO nopComemrce - ********closing browser********
2019-11-19 17:56:31,562 [main] INFO nopComemrce - ******** Launching browser*********
2019-11-19 17:56:31,564 [main] INFO nopComemrce - ******** Opening URL*********
2019-11-19 17:56:38,096 [main] INFO nopComemrce - ******** Providing login details*********
2019-11-19 17:56:38,465 [main] INFO nopComemrce - ******** started login*********
2019-11-19 17:56:47,096 [main] INFO nopComemrce - ******** Login Passed*********
2019-11-19 17:56:50,101 [main] INFO nopComemrce - ******** Click on logout link*********
2019-11-19 17:56:54,671 [main] INFO nopComemrce - ******** Login Passed*********
2019-11-19 17:56:57,690 [main] INFO nopComemrce - ********closing browser********
2019-11-19 18:11:50,377 [main] INFO nopComemrce - ******** Launching browser*********
2019-11-19 18:11:50,442 [main] INFO nopComemrce - ******** Opening URL*********
2019-11-19 18:11:56,959 [main] INFO nopComemrce - ******** Providing login details*********
2019-11-19 18:11:57,474 [main] INFO nopComemrce - ******** started login*********
2019-11-19 18:12:15,924 [main] INFO nopComemrce - ********Adding new customer*********
2019-11-19 18:12:15,940 [main] INFO nopComemrce - ********Proving customer details*********
2019-11-19 18:12:23,815 [main] INFO nopComemrce - ********Saving customer data*********
2019-11-19 18:12:33,227 [main] INFO nopComemrce - ******** Launching browser*********
2019-11-19 18:12:33,233 [main] INFO nopComemrce - ******** Opening URL*********
2019-11-19 18:12:40,497 [main] INFO nopComemrce - ******** Providing login details*********
2019-11-19 18:12:40,918 [main] INFO nopComemrce - ******** started login*********
2019-11-19 18:12:55,977 [main] INFO nopComemrce - ********Searching customer by email id*********
2019-11-19 18:12:59,842 [main] INFO nopComemrce - ********closing browser********
2019-11-19 18:13:06,711 [main] INFO nopComemrce - ******** Launching browser*********
2019-11-19 18:13:06,714 [main] INFO nopComemrce - ******** Opening URL*********
2019-11-19 18:13:38,559 [main] INFO nopComemrce - ******** Providing login details*********
2019-11-19 18:13:39,014 [main] INFO nopComemrce - ******** started login*********
2019-11-19 18:13:53,414 [main] INFO nopComemrce - ********Searching customer by Name*********
2019-11-19 18:14:03,071 [main] INFO nopComemrce - ******** Launching browser*********
2019-11-19 18:14:03,072 [main] INFO nopComemrce - ******** Opening URL*********
2019-11-19 18:14:28,286 [main] INFO nopComemrce - ******** Providing login details*********
2019-11-19 18:14:28,670 [main] INFO nopComemrce - ******** started login*********
2019-11-19 18:14:36,546 [main] INFO nopComemrce - ******** Login Passed*********
2019-11-19 18:14:39,582 [main] INFO nopComemrce - ******** Click on logout link*********
2019-11-19 18:14:45,032 [main] INFO nopComemrce - ******** Login Passed*********
2019-11-19 18:14:48,054 [main] INFO nopComemrce - ********closing browser********
2019-11-19 18:14:54,715 [main] INFO nopComemrce - ******** Launching browser*********
2019-11-19 18:14:54,718 [main] INFO nopComemrce - ******** Opening URL*********
2019-11-19 18:15:27,331 [main] INFO nopComemrce - ******** Providing login details*********
2019-11-19 18:15:27,792 [main] INFO nopComemrce - ******** started login*********
2019-11-19 18:15:36,274 [main] INFO nopComemrce - ******** Login Passed*********
2019-11-19 18:15:39,287 [main] INFO nopComemrce - ******** Click on logout link*********
2019-11-19 18:15:43,889 [main] INFO nopComemrce - ******** Login Passed*********
2019-11-19 18:15:46,917 [main] INFO nopComemrce - ********closing browser********
2019-11-19 18:15:53,713 [main] INFO nopComemrce - ******** Launching browser*********
2019-11-19 18:15:53,718 [main] INFO nopComemrce - ******** Opening URL*********
2019-11-19 18:16:17,914 [main] INFO nopComemrce - ******** Providing login details*********
2019-11-19 18:16:18,322 [main] INFO nopComemrce - ******** started login*********
2019-11-19 18:16:29,389 [main] INFO nopComemrce - ******** Login Passed*********
2019-11-19 18:16:32,422 [main] INFO nopComemrce - ******** Click on logout link*********
2019-11-19 18:16:36,968 [main] INFO nopComemrce - ******** Login Passed*********
2019-11-19 18:16:39,982 [main] INFO nopComemrce - ********closing browser********
2019-11-19 18:26:59,503 [main] INFO nopComemrce - ******** Launching browser*********
2019-11-19 18:26:59,562 [main] INFO nopComemrce - ******** Opening URL*********
2019-11-19 18:27:06,256 [main] INFO nopComemrce - ******** Providing login details*********
2019-11-19 18:27:06,668 [main] INFO nopComemrce - ******** started login*********
2019-11-19 18:27:25,415 [main] INFO nopComemrce - ********Adding new customer*********
2019-11-19 18:27:25,415 [main] INFO nopComemrce - ********Proving customer details*********
2019-11-19 18:27:33,302 [main] INFO nopComemrce - ********Saving customer data*********
2019-11-19 18:27:38,178 [main] INFO nopComemrce - ********closing browser********
2019-11-19 18:27:45,248 [main] INFO nopComemrce - ******** Launching browser*********
2019-11-19 18:27:45,251 [main] INFO nopComemrce - ******** Opening URL*********
2019-11-19 18:27:51,783 [main] INFO nopComemrce - ******** Providing login details*********
2019-11-19 18:27:52,202 [main] INFO nopComemrce - ******** started login*********
2019-11-19 18:28:07,574 [main] INFO nopComemrce - ********Searching customer by email id*********
2019-11-19 18:28:11,500 [main] INFO nopComemrce - ********closing browser********
2019-11-19 18:28:18,148 [main] INFO nopComemrce - ******** Launching browser*********
2019-11-19 18:28:18,156 [main] INFO nopComemrce - ******** Opening URL*********
2019-11-19 18:28:24,561 [main] INFO nopComemrce - ******** Providing login details*********
2019-11-19 18:28:25,000 [main] INFO nopComemrce - ******** started login*********
2019-11-19 18:28:41,159 [main] INFO nopComemrce - ********Searching customer by Name*********
2019-11-19 18:28:51,250 [main] INFO nopComemrce - ******** Launching browser*********
2019-11-19 18:28:51,253 [main] INFO nopComemrce - ******** Opening URL*********
2019-11-19 18:28:57,606 [main] INFO nopComemrce - ******** Providing login details*********
2019-11-19 18:28:58,022 [main] INFO nopComemrce - ******** started login*********
2019-11-19 18:29:04,482 [main] INFO nopComemrce - ******** Login Passed*********
2019-11-19 18:29:07,506 [main] INFO nopComemrce - ******** Click on logout link*********
2019-11-19 18:29:12,054 [main] INFO nopComemrce - ******** Login Passed*********
2019-11-19 18:29:15,064 [main] INFO nopComemrce - ********closing browser********
2019-11-19 18:29:21,860 [main] INFO nopComemrce - ******** Launching browser*********
2019-11-19 18:29:21,863 [main] INFO nopComemrce - ******** Opening URL*********
2019-11-19 18:29:28,512 [main] INFO nopComemrce - ******** Providing login details*********
2019-11-19 18:29:28,861 [main] INFO nopComemrce - ******** started login*********
2019-11-19 18:29:36,391 [main] INFO nopComemrce - ******** Login Passed*********
2019-11-19 18:29:39,398 [main] INFO nopComemrce - ******** Click on logout link*********
2019-11-19 18:29:43,900 [main] INFO nopComemrce - ******** Login Passed*********
2019-11-19 18:29:46,917 [main] INFO nopComemrce - ********closing browser********
2019-11-19 18:29:54,038 [main] INFO nopComemrce - ******** Launching browser*********
2019-11-19 18:29:54,040 [main] INFO nopComemrce - ******** Opening URL*********
2019-11-19 18:30:00,504 [main] INFO nopComemrce - ******** Providing login details*********
2019-11-19 18:30:00,905 [main] INFO nopComemrce - ******** started login*********
2019-11-19 18:30:09,749 [main] INFO nopComemrce - ******** Login Passed*********
2019-11-19 18:30:12,765 [main] INFO nopComemrce - ******** Click on logout link*********
2019-11-19 18:30:18,680 [main] INFO nopComemrce - ******** Login Passed*********
2019-11-19 18:30:21,692 [main] INFO nopComemrce - ********closing browser********
2019-11-19 18:42:33,802 [main] INFO nopComemrce - ******** Launching browser*********
2019-11-19 18:42:33,850 [main] INFO nopComemrce - ******** Opening URL*********
2019-11-19 18:42:53,721 [main] INFO nopComemrce - ******** Providing login details*********
2019-11-19 18:42:54,122 [main] INFO nopComemrce - ******** started login*********
2019-11-19 18:43:12,689 [main] INFO nopComemrce - ********Adding new customer*********
2019-11-19 18:43:12,690 [main] INFO nopComemrce - ********Proving customer details*********
2019-11-19 18:43:20,531 [main] INFO nopComemrce - ********Saving customer data*********
2019-11-19 18:43:24,703 [main] INFO nopComemrce - ********closing browser********
2019-11-19 18:43:31,189 [main] INFO nopComemrce - ******** Launching browser*********
2019-11-19 18:43:31,196 [main] INFO nopComemrce - ******** Opening URL*********
2019-11-19 18:43:55,406 [main] INFO nopComemrce - ******** Providing login details*********
2019-11-19 18:43:55,805 [main] INFO nopComemrce - ******** started login*********
2019-11-19 18:44:12,133 [main] INFO nopComemrce - ********Searching customer by email id*********
2019-11-19 18:44:16,156 [main] INFO nopComemrce - ********closing browser********
2019-11-19 18:44:22,452 [main] INFO nopComemrce - ******** Launching browser*********
2019-11-19 18:44:22,455 [main] INFO nopComemrce - ******** Opening URL*********
2019-11-19 18:44:53,871 [main] INFO nopComemrce - ******** Providing login details*********
2019-11-19 18:44:54,221 [main] INFO nopComemrce - ******** started login*********
2019-11-19 18:45:06,924 [main] INFO nopComemrce - ********Searching customer by Name*********
2019-11-19 18:45:10,757 [main] INFO nopComemrce - ********closing browser********
2019-11-19 18:45:17,512 [main] INFO nopComemrce - ******** Launching browser*********
2019-11-19 18:45:17,519 [main] INFO nopComemrce - ******** Opening URL*********
2019-11-19 18:45:23,767 [main] INFO nopComemrce - ******** Providing login details*********
2019-11-19 18:45:24,186 [main] INFO nopComemrce - ******** started login*********
2019-11-19 18:45:33,097 [main] INFO nopComemrce - ******** Login Passed*********
2019-11-19 18:45:36,116 [main] INFO nopComemrce - ******** Click on logout link*********
2019-11-19 18:45:40,962 [main] INFO nopComemrce - ******** Login Passed*********
2019-11-19 18:45:43,978 [main] INFO nopComemrce - ********closing browser********
2019-11-19 18:45:50,487 [main] INFO nopComemrce - ******** Launching browser*********
2019-11-19 18:45:50,493 [main] INFO nopComemrce - ******** Opening URL*********
2019-11-19 18:45:56,884 [main] INFO nopComemrce - ******** Providing login details*********
2019-11-19 18:45:57,279 [main] INFO nopComemrce - ******** started login*********
2019-11-19 18:46:05,941 [main] INFO nopComemrce - ******** Login Passed*********
2019-11-19 18:46:08,953 [main] INFO nopComemrce - ******** Click on logout link*********
2019-11-19 18:46:15,065 [main] INFO nopComemrce - ******** Login Passed*********
2019-11-19 18:46:18,087 [main] INFO nopComemrce - ********closing browser********
2019-11-19 18:46:24,438 [main] INFO nopComemrce - ******** Launching browser*********
2019-11-19 18:46:24,444 [main] INFO nopComemrce - ******** Opening URL*********
2019-11-19 18:46:30,778 [main] INFO nopComemrce - ******** Providing login details*********
2019-11-19 18:46:31,161 [main] INFO nopComemrce - ******** started login*********
2019-11-19 18:46:38,922 [main] INFO nopComemrce - ******** Login Passed*********
2019-11-19 18:46:41,932 [main] INFO nopComemrce - ******** Click on logout link*********
2019-11-19 18:46:47,260 [main] INFO nopComemrce - ******** Login Passed*********
2019-11-19 18:46:50,268 [main] INFO nopComemrce - ********closing browser********
